<?xml version="1.0" encoding="UTF-8"?>
<!-- Generated by org.testng.reporters.JUnitReportReporter -->
<testsuite hostname="DESKTOP-R7G9QQD" failures="0" tests="3" name="tests.TestSummerDresses" time="14.670" errors="0" timestamp="2020-04-03T19:11:39 CEST" skipped="0">
  <testcase classname="tests.TestSummerDresses" name="testChooseDress" time="3.649"/>
  <system-out/>
  <testcase classname="tests.TestSummerDresses" name="navigateSumDressesPage" time="9.255"/>
  <system-out/>
  <testcase classname="tests.TestSummerDresses" name="openSummerDressesPage" time="1.766"/>
  <system-out/>
</testsuite> <!-- tests.TestSummerDresses -->
