<?xml version="1.0" encoding="UTF-8"?>
<!-- Generated by org.testng.reporters.JUnitReportReporter -->
<testsuite hostname="DESKTOP-R7G9QQD" failures="0" tests="1" name="tests.TestRegistration" time="22.906" errors="0" timestamp="2020-04-03T19:11:39 CEST" skipped="0">
  <testcase classname="tests.TestRegistration" name="testRegistrationFromExcelFile" time="22.906"/>
  <system-out/>
</testsuite> <!-- tests.TestRegistration -->
