<?xml version="1.0" encoding="UTF-8"?>
<!-- Generated by org.testng.reporters.JUnitReportReporter -->
<testsuite hostname="DESKTOP-R7G9QQD" failures="0" tests="3" name="tests.TestRegistrationSingleUserfromCart" time="10.089" errors="0" timestamp="2020-04-03T19:11:39 CEST" skipped="0">
  <testcase classname="tests.TestRegistrationSingleUserfromCart" name="testEmailField" time="0.578"/>
  <system-out/>
  <testcase classname="tests.TestRegistrationSingleUserfromCart" name="testCreateAccountBtn" time="0.176"/>
  <system-out/>
  <testcase classname="tests.TestRegistrationSingleUserfromCart" name="SingleUserRegisterTest" time="9.335"/>
  <system-out/>
</testsuite> <!-- tests.TestRegistrationSingleUserfromCart -->
