<?xml version="1.0" encoding="UTF-8"?>
<!-- Generated by org.testng.reporters.JUnitReportReporter -->
<testsuite hostname="DESKTOP-R7G9QQD" failures="0" tests="5" name="tests.HomeTest" time="44.126" errors="0" timestamp="2020-04-03T20:29:00 CEST" skipped="0">
  <testcase classname="tests.HomeTest" name="openHomePage" time="22.919"/>
  <system-out/>
  <testcase classname="tests.HomeTest" name="navigateHomePage" time="1.951"/>
  <system-out/>
  <testcase classname="tests.HomeTest" name="testSumDresfromWomen" time="7.147"/>
  <system-out/>
  <testcase classname="tests.HomeTest" name="testSumDresfromDresses" time="3.321"/>
  <system-out/>
  <testcase classname="tests.HomeTest" name="compareSumDres" time="8.788"/>
  <system-out/>
</testsuite> <!-- tests.HomeTest -->
