<?xml version="1.0" encoding="UTF-8"?>
<!-- Generated by org.testng.reporters.JUnitReportReporter -->
<testsuite hostname="DESKTOP-R7G9QQD" failures="0" tests="6" name="tests.TestShoppingCart" time="3.107" errors="0" timestamp="2020-04-03T19:11:39 CEST" skipped="0">
  <testcase classname="tests.TestShoppingCart" name="testCartItemsNmbr" time="0.161"/>
  <system-out/>
  <testcase classname="tests.TestShoppingCart" name="testProductName" time="0.054"/>
  <system-out/>
  <testcase classname="tests.TestShoppingCart" name="testProductSKU" time="0.046"/>
  <system-out/>
  <testcase classname="tests.TestShoppingCart" name="testProductColorSize" time="0.045"/>
  <system-out/>
  <testcase classname="tests.TestShoppingCart" name="testProductQuantity" time="0.043"/>
  <system-out/>
  <testcase classname="tests.TestShoppingCart" name="testCheckoutBtn" time="2.758"/>
  <system-out/>
</testsuite> <!-- tests.TestShoppingCart -->
