<?xml version="1.0" encoding="UTF-8"?>
<!-- Generated by org.testng.reporters.JUnitReportReporter -->
<testsuite hostname="DESKTOP-R7G9QQD" failures="0" tests="7" name="tests.DressTest" time="20.690" errors="0" timestamp="2020-04-03T19:11:39 CEST" skipped="0">
  <testcase classname="tests.DressTest" name="openDressPage" time="8.923"/>
  <system-out/>
  <testcase classname="tests.DressTest" name="navigateToDressPage" time="3.372"/>
  <system-out/>
  <testcase classname="tests.DressTest" name="testInputQuantity" time="0.345"/>
  <system-out/>
  <testcase classname="tests.DressTest" name="testChooseSize" time="0.376"/>
  <system-out/>
  <testcase classname="tests.DressTest" name="testChooseColor" time="0.229"/>
  <system-out/>
  <testcase classname="tests.DressTest" name="testAddToCart" time="3.495"/>
  <system-out/>
  <testcase classname="tests.DressTest" name="testProceedToCheckout" time="3.950"/>
  <system-out/>
</testsuite> <!-- tests.DressTest -->
